<?xml version="1.0" encoding="UTF-8"?>
<!-- Generated by org.testng.reporters.JUnitReportReporter -->
<testsuite hostname="LapWinX-DAC70" failures="0" tests="1" name="XilligenceStateFarm.AgenthoodOrders.OrderCreationTest" time="12.834" errors="0" timestamp="24 Nov 2023 13:45:38 GMT" skipped="0">
  <testcase classname="XilligenceStateFarm.AgenthoodOrders.OrderCreationTest" name="orderCreation" time="12.834"/>
</testsuite> <!-- XilligenceStateFarm.AgenthoodOrders.OrderCreationTest -->
